
* Info: Selecting the 'perf-low-ppn' engine for node knl03

* Info: Process launched (host knl03, process 960540)
[1mTotal memory size:[0m 393216 B, 384 KiB, 0 MiB

[1m Step    Time, s Interact/s  GFLOP/s[0m
    0  4.719e+00  5.688e+07      1.3 *
    1  4.717e+00  5.691e+07      1.3 *
    2  4.712e+00  5.697e+07      1.3 *
    3  4.708e+00  5.701e+07      1.3 
    4  4.711e+00  5.698e+07      1.3 
    5  4.711e+00  5.698e+07      1.3 
    6  4.720e+00  5.687e+07      1.3 
    7  4.714e+00  5.694e+07      1.3 
    8  4.716e+00  5.692e+07      1.3 
    9  4.713e+00  5.695e+07      1.3 
-----------------------------------------------------
[1mAverage performance:      [42m       1.3 +- 0.0 GFLOP/s[0m
-----------------------------------------------------

* Info: Process finished (host knl03, process 960540)
* Info: Callchains info will be incomplete
* Info: Try to recompile your application with -fno-omit-frame-pointer or to rerun with btm=stack
* Info: Dumping samples (host knl03, process 960540)
* Info: Dumping source info for callchain nodes (host knl03, process 960540)
* Info: Building/writing metadata (host knl03)
* Info: Finished collect step (host knl03, process 960540)

Your experiment path is /users/user4421/ProjetASM/nbody3D/maqao_2022-02-27_12-47-17/tools/lprof_npsu_run_0

To display your profiling results:
#################################################################################################
#    LEVEL    |     REPORT     |                            COMMAND                             #
#################################################################################################
#  Functions  |  Cluster-wide  |  maqao lprof -df xp=/users/user4421/ProjetASM/nbody3D/maqao_2  #
#  Functions  |  Per-node      |  maqao lprof -df -dn xp=/users/user4421/ProjetASM/nbody3D/maq  #
#  Functions  |  Per-process   |  maqao lprof -df -dp xp=/users/user4421/ProjetASM/nbody3D/maq  #
#  Functions  |  Per-thread    |  maqao lprof -df -dt xp=/users/user4421/ProjetASM/nbody3D/maq  #
#  Loops      |  Cluster-wide  |  maqao lprof -dl xp=/users/user4421/ProjetASM/nbody3D/maqao_2  #
#  Loops      |  Per-node      |  maqao lprof -dl -dn xp=/users/user4421/ProjetASM/nbody3D/maq  #
#  Loops      |  Per-process   |  maqao lprof -dl -dp xp=/users/user4421/ProjetASM/nbody3D/maq  #
#  Loops      |  Per-thread    |  maqao lprof -dl -dt xp=/users/user4421/ProjetASM/nbody3D/maq  #
#################################################################################################

