
* Info: Selecting the 'perf-low-ppn' engine for node knl03

* Info: Process launched (host knl03, process 1095642)move

[1mTotal memory size:[0m 16 B, 0 KiB, 0 MiB

[1m Step    Time, s Interact/s  GFLOP/s[0m
    0  4.433e-01  6.055e+08     13.9 *
    1  4.410e-01  6.087e+08     14.0 *
    2  4.414e-01  6.081e+08     14.0 *
    3  4.409e-01  6.087e+08     14.0 
    4  4.409e-01  6.088e+08     14.0 
    5  4.409e-01  6.088e+08     14.0 
    6  4.415e-01  6.079e+08     14.0 
    7  4.410e-01  6.087e+08     14.0 
    8  4.409e-01  6.088e+08     14.0 
    9  4.410e-01  6.087e+08     14.0 
-----------------------------------------------------
[1mAverage performance:      [42m      14.0 +- 0.0 GFLOP/s[0m
-----------------------------------------------------

* Info: Process finished (host knl03, process 1095642)
* Info: Dumping samples (host knl03, process 1095642)
* Info: Dumping source info for callchain nodes (host knl03, process 1095642)
* Info: Building/writing metadata (host knl03)
* Info: Finished collect step (host knl03, process 1095642)

Your experiment path is /users/user4421/ProjetASM/nbody3D/maqao_2022-03-03_13-41-58/tools/lprof_npsu_run_0

To display your profiling results:
#################################################################################################
#    LEVEL    |     REPORT     |                            COMMAND                             #
#################################################################################################
#  Functions  |  Cluster-wide  |  maqao lprof -df xp=/users/user4421/ProjetASM/nbody3D/maqao_2  #
#  Functions  |  Per-node      |  maqao lprof -df -dn xp=/users/user4421/ProjetASM/nbody3D/maq  #
#  Functions  |  Per-process   |  maqao lprof -df -dp xp=/users/user4421/ProjetASM/nbody3D/maq  #
#  Functions  |  Per-thread    |  maqao lprof -df -dt xp=/users/user4421/ProjetASM/nbody3D/maq  #
#  Loops      |  Cluster-wide  |  maqao lprof -dl xp=/users/user4421/ProjetASM/nbody3D/maqao_2  #
#  Loops      |  Per-node      |  maqao lprof -dl -dn xp=/users/user4421/ProjetASM/nbody3D/maq  #
#  Loops      |  Per-process   |  maqao lprof -dl -dp xp=/users/user4421/ProjetASM/nbody3D/maq  #
#  Loops      |  Per-thread    |  maqao lprof -dl -dt xp=/users/user4421/ProjetASM/nbody3D/maq  #
#################################################################################################

