
* Info: Selecting the 'perf-low-ppn' engine for node knl03

* Info: Process launched (host knl03, process 1017931)
[1mTotal memory size:[0m 16 B, 0 KiB, 0 MiB

[1m Step    Time, s Interact/s  GFLOP/s[0m
    0  8.427e-01  3.185e+08      7.3 *
    1  8.414e-01  3.190e+08      7.3 *
    2  8.437e-01  3.182e+08      7.3 *
    3  8.534e-01  3.145e+08      7.2 
    4  8.432e-01  3.183e+08      7.3 
    5  8.419e-01  3.188e+08      7.3 
    6  8.402e-01  3.195e+08      7.3 
    7  8.475e-01  3.167e+08      7.3 
    8  8.534e-01  3.145e+08      7.2 
    9  8.415e-01  3.190e+08      7.3 
-----------------------------------------------------
[1mAverage performance:      [42m       7.3 +- 0.0 GFLOP/s[0m
-----------------------------------------------------

* Info: Process finished (host knl03, process 1017931)
* Info: Dumping samples (host knl03, process 1017931)
* Info: Dumping source info for callchain nodes (host knl03, process 1017931)
* Info: Building/writing metadata (host knl03)
* Info: Finished collect step (host knl03, process 1017931)

Your experiment path is /users/user4421/ProjetASM/nbody3D/maqao_2022-03-01_22-25-03/tools/lprof_npsu_run_0

To display your profiling results:
#################################################################################################
#    LEVEL    |     REPORT     |                            COMMAND                             #
#################################################################################################
#  Functions  |  Cluster-wide  |  maqao lprof -df xp=/users/user4421/ProjetASM/nbody3D/maqao_2  #
#  Functions  |  Per-node      |  maqao lprof -df -dn xp=/users/user4421/ProjetASM/nbody3D/maq  #
#  Functions  |  Per-process   |  maqao lprof -df -dp xp=/users/user4421/ProjetASM/nbody3D/maq  #
#  Functions  |  Per-thread    |  maqao lprof -df -dt xp=/users/user4421/ProjetASM/nbody3D/maq  #
#  Loops      |  Cluster-wide  |  maqao lprof -dl xp=/users/user4421/ProjetASM/nbody3D/maqao_2  #
#  Loops      |  Per-node      |  maqao lprof -dl -dn xp=/users/user4421/ProjetASM/nbody3D/maq  #
#  Loops      |  Per-process   |  maqao lprof -dl -dp xp=/users/user4421/ProjetASM/nbody3D/maq  #
#  Loops      |  Per-thread    |  maqao lprof -dl -dt xp=/users/user4421/ProjetASM/nbody3D/maq  #
#################################################################################################

