
* Info: Selecting the 'perf-low-ppn' engine for node knl03

* Info: Process launched (host knl03, process 1071121)move

[1mTotal memory size:[0m 16 B, 0 KiB, 0 MiB

[1m Step    Time, s Interact/s  GFLOP/s[0m
    0  5.613e-01  4.782e+08     11.0 *
    1  3.299e-02  8.137e+09    187.2 *
    2  8.517e-03  3.152e+10    724.9 *
    3  8.497e-03  3.159e+10    726.6 
    4  8.515e-03  3.152e+10    725.1 
    5  8.495e-03  3.160e+10    726.7 
    6  8.499e-03  3.158e+10    726.4 
    7  8.489e-03  3.162e+10    727.3 
    8  8.616e-03  3.116e+10    716.6 
    9  8.501e-03  3.158e+10    726.2 
-----------------------------------------------------
[1mAverage performance:      [42m     725.0 +- 3.5 GFLOP/s[0m
-----------------------------------------------------

* Info: Process finished (host knl03, process 1071121)
* Info: Callchains info will be incomplete
* Info: Try to recompile your application with -fno-omit-frame-pointer or to rerun with btm=stack
* Info: Dumping samples (host knl03, process 1071121)
* Info: Dumping source info for callchain nodes (host knl03, process 1071121)
* Info: Building/writing metadata (host knl03)
* Info: Finished collect step (host knl03, process 1071121)

Your experiment path is /users/user4421/ProjetASM/nbody3D/maqao_2022-03-03_10-27-48/tools/lprof_npsu_run_0

To display your profiling results:
#################################################################################################
#    LEVEL    |     REPORT     |                            COMMAND                             #
#################################################################################################
#  Functions  |  Cluster-wide  |  maqao lprof -df xp=/users/user4421/ProjetASM/nbody3D/maqao_2  #
#  Functions  |  Per-node      |  maqao lprof -df -dn xp=/users/user4421/ProjetASM/nbody3D/maq  #
#  Functions  |  Per-process   |  maqao lprof -df -dp xp=/users/user4421/ProjetASM/nbody3D/maq  #
#  Functions  |  Per-thread    |  maqao lprof -df -dt xp=/users/user4421/ProjetASM/nbody3D/maq  #
#  Loops      |  Cluster-wide  |  maqao lprof -dl xp=/users/user4421/ProjetASM/nbody3D/maqao_2  #
#  Loops      |  Per-node      |  maqao lprof -dl -dn xp=/users/user4421/ProjetASM/nbody3D/maq  #
#  Loops      |  Per-process   |  maqao lprof -dl -dp xp=/users/user4421/ProjetASM/nbody3D/maq  #
#  Loops      |  Per-thread    |  maqao lprof -dl -dt xp=/users/user4421/ProjetASM/nbody3D/maq  #
#################################################################################################

