
* Info: Selecting the 'perf-low-ppn' engine for node knl03

* Info: Process launched (host knl03, process 1138580)move

[1mTotal memory size:[0m 16 B, 0 KiB, 0 MiB

[1m Step    Time, s Interact/s  GFLOP/s[0m
    0  6.290e-01  4.267e+08      9.8 *
    1  3.103e-01  8.650e+08     19.9 *
    2  5.901e-01  4.549e+08     10.5 *
    3  3.107e-01  8.640e+08     19.9 
    4  5.896e-01  4.553e+08     10.5 
    5  3.102e-01  8.654e+08     19.9 
    6  5.882e-01  4.563e+08     10.5 
    7  3.108e-01  8.636e+08     19.9 
    8  5.907e-01  4.544e+08     10.5 
    9  3.109e-01  8.634e+08     19.9 
-----------------------------------------------------
[1mAverage performance:      [42m      15.8 +- 4.7 GFLOP/s[0m
-----------------------------------------------------

* Info: Process finished (host knl03, process 1138580)
* Info: Dumping samples (host knl03, process 1138580)
* Info: Dumping source info for callchain nodes (host knl03, process 1138580)
* Info: Building/writing metadata (host knl03)
* Info: Finished collect step (host knl03, process 1138580)

Your experiment path is /users/user4421/ProjetASM/nbody3D/maqao_2022-03-03_20-15-04/tools/lprof_npsu_run_0

To display your profiling results:
#################################################################################################
#    LEVEL    |     REPORT     |                            COMMAND                             #
#################################################################################################
#  Functions  |  Cluster-wide  |  maqao lprof -df xp=/users/user4421/ProjetASM/nbody3D/maqao_2  #
#  Functions  |  Per-node      |  maqao lprof -df -dn xp=/users/user4421/ProjetASM/nbody3D/maq  #
#  Functions  |  Per-process   |  maqao lprof -df -dp xp=/users/user4421/ProjetASM/nbody3D/maq  #
#  Functions  |  Per-thread    |  maqao lprof -df -dt xp=/users/user4421/ProjetASM/nbody3D/maq  #
#  Loops      |  Cluster-wide  |  maqao lprof -dl xp=/users/user4421/ProjetASM/nbody3D/maqao_2  #
#  Loops      |  Per-node      |  maqao lprof -dl -dn xp=/users/user4421/ProjetASM/nbody3D/maq  #
#  Loops      |  Per-process   |  maqao lprof -dl -dp xp=/users/user4421/ProjetASM/nbody3D/maq  #
#  Loops      |  Per-thread    |  maqao lprof -dl -dt xp=/users/user4421/ProjetASM/nbody3D/maq  #
#################################################################################################

