
* Info: Selecting the 'perf-low-ppn' engine for node knl03

* Info: Process launched (host knl03, process 1137086)move

[1mTotal memory size:[0m 16 B, 0 KiB, 0 MiB

[1m Step    Time, s Interact/s  GFLOP/s[0m
    0  9.006e-01  2.980e+08      6.9 *
    1  9.004e-01  2.981e+08      6.9 *
    2  9.004e-01  2.981e+08      6.9 *
    3  9.003e-01  2.982e+08      6.9 
    4  9.001e-01  2.982e+08      6.9 
    5  9.003e-01  2.982e+08      6.9 
    6  9.004e-01  2.981e+08      6.9 
    7  9.003e-01  2.982e+08      6.9 
    8  9.002e-01  2.982e+08      6.9 
    9  9.001e-01  2.982e+08      6.9 
-----------------------------------------------------
[1mAverage performance:      [42m       6.9 +- -nan GFLOP/s[0m
-----------------------------------------------------

* Info: Process finished (host knl03, process 1137086)
* Info: Callchains info will be incomplete
* Info: Try to recompile your application with -fno-omit-frame-pointer or to rerun with btm=stack
* Info: Dumping samples (host knl03, process 1137086)
* Info: Dumping source info for callchain nodes (host knl03, process 1137086)
* Info: Building/writing metadata (host knl03)
* Info: Finished collect step (host knl03, process 1137086)

Your experiment path is /users/user4421/ProjetASM/nbody3D/maqao_2022-03-03_20-09-11/tools/lprof_npsu_run_0

To display your profiling results:
#################################################################################################
#    LEVEL    |     REPORT     |                            COMMAND                             #
#################################################################################################
#  Functions  |  Cluster-wide  |  maqao lprof -df xp=/users/user4421/ProjetASM/nbody3D/maqao_2  #
#  Functions  |  Per-node      |  maqao lprof -df -dn xp=/users/user4421/ProjetASM/nbody3D/maq  #
#  Functions  |  Per-process   |  maqao lprof -df -dp xp=/users/user4421/ProjetASM/nbody3D/maq  #
#  Functions  |  Per-thread    |  maqao lprof -df -dt xp=/users/user4421/ProjetASM/nbody3D/maq  #
#  Loops      |  Cluster-wide  |  maqao lprof -dl xp=/users/user4421/ProjetASM/nbody3D/maqao_2  #
#  Loops      |  Per-node      |  maqao lprof -dl -dn xp=/users/user4421/ProjetASM/nbody3D/maq  #
#  Loops      |  Per-process   |  maqao lprof -dl -dp xp=/users/user4421/ProjetASM/nbody3D/maq  #
#  Loops      |  Per-thread    |  maqao lprof -dl -dt xp=/users/user4421/ProjetASM/nbody3D/maq  #
#################################################################################################

