
* Info: Selecting the 'perf-low-ppn' engine for node knl03

* Info: Process launched (host knl03, process 1136490)move

[1mTotal memory size:[0m 16 B, 0 KiB, 0 MiB

[1m Step    Time, s Interact/s  GFLOP/s[0m
    0  9.070e-01  2.959e+08      6.8 *
    1  9.066e-01  2.961e+08      6.8 *
    2  9.066e-01  2.961e+08      6.8 *
    3  9.067e-01  2.961e+08      6.8 
    4  9.065e-01  2.961e+08      6.8 
    5  9.065e-01  2.961e+08      6.8 
    6  9.078e-01  2.957e+08      6.8 
    7  9.073e-01  2.958e+08      6.8 
    8  9.067e-01  2.960e+08      6.8 
    9  9.065e-01  2.961e+08      6.8 
-----------------------------------------------------
[1mAverage performance:      [42m       6.8 +- 0.0 GFLOP/s[0m
-----------------------------------------------------

* Info: Process finished (host knl03, process 1136490)
* Info: Dumping samples (host knl03, process 1136490)
* Info: Dumping source info for callchain nodes (host knl03, process 1136490)
* Info: Building/writing metadata (host knl03)
* Info: Finished collect step (host knl03, process 1136490)

Your experiment path is /users/user4421/ProjetASM/nbody3D/maqao_2022-03-03_20-04-55/tools/lprof_npsu_run_0

To display your profiling results:
#################################################################################################
#    LEVEL    |     REPORT     |                            COMMAND                             #
#################################################################################################
#  Functions  |  Cluster-wide  |  maqao lprof -df xp=/users/user4421/ProjetASM/nbody3D/maqao_2  #
#  Functions  |  Per-node      |  maqao lprof -df -dn xp=/users/user4421/ProjetASM/nbody3D/maq  #
#  Functions  |  Per-process   |  maqao lprof -df -dp xp=/users/user4421/ProjetASM/nbody3D/maq  #
#  Functions  |  Per-thread    |  maqao lprof -df -dt xp=/users/user4421/ProjetASM/nbody3D/maq  #
#  Loops      |  Cluster-wide  |  maqao lprof -dl xp=/users/user4421/ProjetASM/nbody3D/maqao_2  #
#  Loops      |  Per-node      |  maqao lprof -dl -dn xp=/users/user4421/ProjetASM/nbody3D/maq  #
#  Loops      |  Per-process   |  maqao lprof -dl -dp xp=/users/user4421/ProjetASM/nbody3D/maq  #
#  Loops      |  Per-thread    |  maqao lprof -dl -dt xp=/users/user4421/ProjetASM/nbody3D/maq  #
#################################################################################################

